2018-08-28 11:58:38,384  PREDICTION
2018-08-28 11:58:38,385  Reading data...
2018-08-28 11:59:49,297  initializing Step application_cleaning...
2018-08-28 11:59:49,300  initializing experiment directories under csv
2018-08-28 11:59:49,300  done: initializing experiment directories
2018-08-28 11:59:49,300  Step application_cleaning initialized
2018-08-28 11:59:49,301  initializing Step application_hand_crafted...
2018-08-28 11:59:49,301  initializing experiment directories under csv
2018-08-28 11:59:49,301  done: initializing experiment directories
2018-08-28 11:59:49,302  Step application_hand_crafted initialized
2018-08-28 11:59:49,302  initializing Step bureau_cleaning...
2018-08-28 11:59:49,302  initializing experiment directories under csv
2018-08-28 11:59:49,302  done: initializing experiment directories
2018-08-28 11:59:49,303  Step bureau_cleaning initialized
2018-08-28 11:59:49,303  initializing Step bureau_hand_crafted...
2018-08-28 11:59:49,303  initializing experiment directories under csv
2018-08-28 11:59:49,303  done: initializing experiment directories
2018-08-28 11:59:49,304  Step bureau_hand_crafted initialized
2018-08-28 11:59:49,304  initializing Step bureau_hand_crafted_merge...
2018-08-28 11:59:49,304  initializing experiment directories under csv
2018-08-28 11:59:49,305  done: initializing experiment directories
2018-08-28 11:59:49,305  Step bureau_hand_crafted_merge initialized
2018-08-28 11:59:49,305  initializing Step credit_card_balance_cleaning...
2018-08-28 11:59:49,305  initializing experiment directories under csv
2018-08-28 11:59:49,306  done: initializing experiment directories
2018-08-28 11:59:49,306  Step credit_card_balance_cleaning initialized
2018-08-28 11:59:49,306  initializing Step credit_card_balance_hand_crafted...
2018-08-28 11:59:49,306  initializing experiment directories under csv
2018-08-28 11:59:49,307  done: initializing experiment directories
2018-08-28 11:59:49,307  Step credit_card_balance_hand_crafted initialized
2018-08-28 11:59:49,307  initializing Step credit_card_balance_hand_crafted_merge...
2018-08-28 11:59:49,307  initializing experiment directories under csv
2018-08-28 11:59:49,308  done: initializing experiment directories
2018-08-28 11:59:49,308  Step credit_card_balance_hand_crafted_merge initialized
2018-08-28 11:59:49,308  initializing Step pos_cash_balance_hand_crafted...
2018-08-28 11:59:49,309  initializing experiment directories under csv
2018-08-28 11:59:49,309  done: initializing experiment directories
2018-08-28 11:59:49,310  Step pos_cash_balance_hand_crafted initialized
2018-08-28 11:59:49,310  initializing Step pos_cash_balance_hand_crafted_merge...
2018-08-28 11:59:49,310  initializing experiment directories under csv
2018-08-28 11:59:49,311  done: initializing experiment directories
2018-08-28 11:59:49,311  Step pos_cash_balance_hand_crafted_merge initialized
2018-08-28 11:59:49,311  initializing Step previous_application_cleaning...
2018-08-28 11:59:49,312  initializing experiment directories under csv
2018-08-28 11:59:49,312  done: initializing experiment directories
2018-08-28 11:59:49,312  Step previous_application_cleaning initialized
2018-08-28 11:59:49,312  initializing Step previous_applications_hand_crafted...
2018-08-28 11:59:49,313  initializing experiment directories under csv
2018-08-28 11:59:49,313  done: initializing experiment directories
2018-08-28 11:59:49,313  Step previous_applications_hand_crafted initialized
2018-08-28 11:59:49,313  initializing Step previous_applications_hand_crafted_merge...
2018-08-28 11:59:49,314  initializing experiment directories under csv
2018-08-28 11:59:49,314  done: initializing experiment directories
2018-08-28 11:59:49,314  Step previous_applications_hand_crafted_merge initialized
2018-08-28 11:59:49,315  initializing Step installment_payments_hand_crafted...
2018-08-28 11:59:49,315  initializing experiment directories under csv
2018-08-28 11:59:49,315  done: initializing experiment directories
2018-08-28 11:59:49,315  Step installment_payments_hand_crafted initialized
2018-08-28 11:59:49,316  initializing Step installment_payments_hand_crafted_merge...
2018-08-28 11:59:49,316  initializing experiment directories under csv
2018-08-28 11:59:49,316  done: initializing experiment directories
2018-08-28 11:59:49,316  Step installment_payments_hand_crafted_merge initialized
2018-08-28 11:59:49,317  initializing Step application_cleaning...
2018-08-28 11:59:49,317  initializing experiment directories under csv
2018-08-28 11:59:49,317  done: initializing experiment directories
2018-08-28 11:59:49,317  Step application_cleaning initialized
2018-08-28 11:59:49,318  initializing Step application_groupby_agg...
2018-08-28 11:59:49,318  initializing experiment directories under csv
2018-08-28 11:59:49,318  done: initializing experiment directories
2018-08-28 11:59:49,318  Step application_groupby_agg initialized
2018-08-28 11:59:49,319  initializing Step bureau_groupby_agg...
2018-08-28 11:59:49,319  initializing experiment directories under csv
2018-08-28 11:59:49,319  done: initializing experiment directories
2018-08-28 11:59:49,320  Step bureau_groupby_agg initialized
2018-08-28 11:59:49,320  initializing Step bureau_agg_merge...
2018-08-28 11:59:49,320  initializing experiment directories under csv
2018-08-28 11:59:49,320  done: initializing experiment directories
2018-08-28 11:59:49,321  Step bureau_agg_merge initialized
2018-08-28 11:59:49,321  initializing Step credit_card_balance_groupby_agg...
2018-08-28 11:59:49,321  initializing experiment directories under csv
2018-08-28 11:59:49,321  done: initializing experiment directories
2018-08-28 11:59:49,322  Step credit_card_balance_groupby_agg initialized
2018-08-28 11:59:49,322  initializing Step credit_card_balance_agg_merge...
2018-08-28 11:59:49,322  initializing experiment directories under csv
2018-08-28 11:59:49,322  done: initializing experiment directories
2018-08-28 11:59:49,323  Step credit_card_balance_agg_merge initialized
2018-08-28 11:59:49,323  initializing Step installments_payments_groupby_agg...
2018-08-28 11:59:49,323  initializing experiment directories under csv
2018-08-28 11:59:49,323  done: initializing experiment directories
2018-08-28 11:59:49,324  Step installments_payments_groupby_agg initialized
2018-08-28 11:59:49,324  initializing Step installments_payments_agg_merge...
2018-08-28 11:59:49,324  initializing experiment directories under csv
2018-08-28 11:59:49,325  done: initializing experiment directories
2018-08-28 11:59:49,327  Step installments_payments_agg_merge initialized
2018-08-28 11:59:49,327  initializing Step pos_cash_balance_groupby_agg...
2018-08-28 11:59:49,328  initializing experiment directories under csv
2018-08-28 11:59:49,328  done: initializing experiment directories
2018-08-28 11:59:49,328  Step pos_cash_balance_groupby_agg initialized
2018-08-28 11:59:49,328  initializing Step pos_cash_balance_agg_merge...
2018-08-28 11:59:49,328  initializing experiment directories under csv
2018-08-28 11:59:49,329  done: initializing experiment directories
2018-08-28 11:59:49,329  Step pos_cash_balance_agg_merge initialized
2018-08-28 11:59:49,329  initializing Step previous_applications_groupby_agg...
2018-08-28 11:59:49,329  initializing experiment directories under csv
2018-08-28 11:59:49,329  done: initializing experiment directories
2018-08-28 11:59:49,330  Step previous_applications_groupby_agg initialized
2018-08-28 11:59:49,330  initializing Step previous_applications_agg_merge...
2018-08-28 11:59:49,330  initializing experiment directories under csv
2018-08-28 11:59:49,330  done: initializing experiment directories
2018-08-28 11:59:49,330  Step previous_applications_agg_merge initialized
2018-08-28 11:59:49,331  initializing Step categorical_encoder...
2018-08-28 11:59:49,331  initializing experiment directories under csv
2018-08-28 11:59:49,331  done: initializing experiment directories
2018-08-28 11:59:49,331  Step categorical_encoder initialized
2018-08-28 11:59:49,332  initializing Step feature_joiner...
2018-08-28 11:59:49,332  initializing experiment directories under csv
2018-08-28 11:59:49,332  done: initializing experiment directories
2018-08-28 11:59:49,332  Step feature_joiner initialized
2018-08-28 11:59:49,333  initializing LightGBM...
2018-08-28 11:59:49,333  initializing Step light_gbm...
2018-08-28 11:59:49,333  initializing experiment directories under csv
2018-08-28 11:59:49,333  done: initializing experiment directories
2018-08-28 11:59:49,334  Step light_gbm initialized
2018-08-28 11:59:49,334  cleaning cache...
2018-08-28 11:59:49,335  removing csv/cache/feature_joiner
2018-08-28 11:59:50,092  cleaning cache done
2018-08-28 11:59:50,092  Start pipeline transform
2018-08-28 11:59:50,092  Step application_cleaning, adapting inputs...
2018-08-28 11:59:50,093  Step application_cleaning, loading transformer from the csv/transformers/application_cleaning
2018-08-28 11:59:50,093  Step application_cleaning, transforming...
2018-08-28 11:59:50,129  Step application_hand_crafted, adapting inputs...
2018-08-28 11:59:50,129  Step application_hand_crafted, loading transformer from the csv/transformers/application_hand_crafted
2018-08-28 11:59:50,129  Step application_hand_crafted, transforming...
2018-08-28 11:59:50,516  Step application_cleaning, adapting inputs...
2018-08-28 11:59:50,516  Step application_cleaning, loading transformer from the csv/transformers/application_cleaning
2018-08-28 11:59:50,517  Step application_cleaning, transforming...
2018-08-28 11:59:50,529  Step application_groupby_agg, adapting inputs...
2018-08-28 11:59:50,529  Step application_groupby_agg, loading transformer from the csv/transformers/application_groupby_agg
2018-08-28 11:59:50,925  Step application_groupby_agg, transforming...
2018-08-28 12:00:29,627  Step bureau_cleaning, adapting inputs...
2018-08-28 12:00:29,629  Step bureau_cleaning, loading transformer from the csv/transformers/bureau_cleaning
2018-08-28 12:00:29,629  Step bureau_cleaning, transforming...
2018-08-28 12:00:30,116  Step bureau_hand_crafted, adapting inputs...
2018-08-28 12:00:30,116  Step bureau_hand_crafted, loading transformer from the csv/transformers/bureau_hand_crafted
2018-08-28 12:00:30,170  Step bureau_hand_crafted, transforming...
2018-08-28 12:00:30,170  Step bureau_hand_crafted_merge, adapting inputs...
2018-08-28 12:00:30,170  Step bureau_hand_crafted_merge, loading transformer from the csv/transformers/bureau_hand_crafted_merge
2018-08-28 12:00:30,171  Step bureau_hand_crafted_merge, transforming...
2018-08-28 12:00:30,689  Step bureau_cleaning, adapting inputs...
2018-08-28 12:00:30,690  Step bureau_cleaning, loading transformer from the csv/transformers/bureau_cleaning
2018-08-28 12:00:30,690  Step bureau_cleaning, transforming...
2018-08-28 12:00:30,980  Step bureau_groupby_agg, adapting inputs...
2018-08-28 12:00:30,981  Step bureau_groupby_agg, loading transformer from the csv/transformers/bureau_groupby_agg
2018-08-28 12:00:31,269  Step bureau_groupby_agg, transforming...
2018-08-28 12:00:31,270  Step bureau_agg_merge, adapting inputs...
2018-08-28 12:00:31,270  Step bureau_agg_merge, loading transformer from the csv/transformers/bureau_agg_merge
2018-08-28 12:00:31,270  Step bureau_agg_merge, transforming...
2018-08-28 12:00:32,006  Step credit_card_balance_cleaning, adapting inputs...
2018-08-28 12:00:32,006  Step credit_card_balance_cleaning, loading transformer from the csv/transformers/credit_card_balance_cleaning
2018-08-28 12:00:32,007  Step credit_card_balance_cleaning, transforming...
2018-08-28 12:00:32,254  Step credit_card_balance_hand_crafted, adapting inputs...
2018-08-28 12:00:32,255  Step credit_card_balance_hand_crafted, loading transformer from the csv/transformers/credit_card_balance_hand_crafted
2018-08-28 12:00:32,276  Step credit_card_balance_hand_crafted, transforming...
2018-08-28 12:00:32,276  Step credit_card_balance_hand_crafted_merge, adapting inputs...
2018-08-28 12:00:32,276  Step credit_card_balance_hand_crafted_merge, loading transformer from the csv/transformers/credit_card_balance_hand_crafted_merge
2018-08-28 12:00:32,276  Step credit_card_balance_hand_crafted_merge, transforming...
2018-08-28 12:00:32,575  Step credit_card_balance_cleaning, adapting inputs...
2018-08-28 12:00:32,575  Step credit_card_balance_cleaning, loading transformer from the csv/transformers/credit_card_balance_cleaning
2018-08-28 12:00:32,576  Step credit_card_balance_cleaning, transforming...
2018-08-28 12:00:32,795  Step credit_card_balance_groupby_agg, adapting inputs...
2018-08-28 12:00:32,796  Step credit_card_balance_groupby_agg, loading transformer from the csv/transformers/credit_card_balance_groupby_agg
2018-08-28 12:00:32,930  Step credit_card_balance_groupby_agg, transforming...
2018-08-28 12:00:32,930  Step credit_card_balance_agg_merge, adapting inputs...
2018-08-28 12:00:32,931  Step credit_card_balance_agg_merge, loading transformer from the csv/transformers/credit_card_balance_agg_merge
2018-08-28 12:00:32,931  Step credit_card_balance_agg_merge, transforming...
2018-08-28 12:00:33,444  Step installment_payments_hand_crafted, adapting inputs...
2018-08-28 12:00:33,445  Step installment_payments_hand_crafted, loading transformer from the csv/transformers/installment_payments_hand_crafted
2018-08-28 12:00:35,689  Step installment_payments_hand_crafted, transforming...
2018-08-28 12:00:35,690  Step installment_payments_hand_crafted_merge, adapting inputs...
2018-08-28 12:00:35,690  Step installment_payments_hand_crafted_merge, loading transformer from the csv/transformers/installment_payments_hand_crafted_merge
2018-08-28 12:00:35,690  Step installment_payments_hand_crafted_merge, transforming...
2018-08-28 12:00:37,879  Step installments_payments_groupby_agg, adapting inputs...
2018-08-28 12:00:37,880  Step installments_payments_groupby_agg, loading transformer from the csv/transformers/installments_payments_groupby_agg
2018-08-28 12:00:38,016  Step installments_payments_groupby_agg, transforming...
2018-08-28 12:00:38,016  Step installments_payments_agg_merge, adapting inputs...
2018-08-28 12:00:38,017  Step installments_payments_agg_merge, loading transformer from the csv/transformers/installments_payments_agg_merge
2018-08-28 12:00:38,017  Step installments_payments_agg_merge, transforming...
2018-08-28 12:00:38,585  Step pos_cash_balance_hand_crafted, adapting inputs...
2018-08-28 12:00:38,585  Step pos_cash_balance_hand_crafted, loading transformer from the csv/transformers/pos_cash_balance_hand_crafted
2018-08-28 12:02:04,620  Step pos_cash_balance_hand_crafted, transforming...
2018-08-28 12:02:04,633  Step pos_cash_balance_hand_crafted_merge, adapting inputs...
2018-08-28 12:02:04,640  Step pos_cash_balance_hand_crafted_merge, loading transformer from the csv/transformers/pos_cash_balance_hand_crafted_merge
2018-08-28 12:02:04,646  Step pos_cash_balance_hand_crafted_merge, transforming...
2018-08-28 12:02:07,250  Step pos_cash_balance_groupby_agg, adapting inputs...
2018-08-28 12:02:07,250  Step pos_cash_balance_groupby_agg, loading transformer from the csv/transformers/pos_cash_balance_groupby_agg
2018-08-28 12:02:07,322  Step pos_cash_balance_groupby_agg, transforming...
2018-08-28 12:02:07,322  Step pos_cash_balance_agg_merge, adapting inputs...
2018-08-28 12:02:07,323  Step pos_cash_balance_agg_merge, loading transformer from the csv/transformers/pos_cash_balance_agg_merge
2018-08-28 12:02:07,323  Step pos_cash_balance_agg_merge, transforming...
2018-08-28 12:02:07,774  Step previous_application_cleaning, adapting inputs...
2018-08-28 12:02:07,775  Step previous_application_cleaning, loading transformer from the csv/transformers/previous_application_cleaning
2018-08-28 12:02:07,775  Step previous_application_cleaning, transforming...
2018-08-28 12:02:07,852  Step previous_applications_hand_crafted, adapting inputs...
2018-08-28 12:02:07,853  Step previous_applications_hand_crafted, loading transformer from the csv/transformers/previous_applications_hand_crafted
2018-08-28 12:02:07,938  Step previous_applications_hand_crafted, transforming...
2018-08-28 12:02:07,938  Step previous_applications_hand_crafted_merge, adapting inputs...
2018-08-28 12:02:07,938  Step previous_applications_hand_crafted_merge, loading transformer from the csv/transformers/previous_applications_hand_crafted_merge
2018-08-28 12:02:07,938  Step previous_applications_hand_crafted_merge, transforming...
2018-08-28 12:02:08,441  Step previous_application_cleaning, adapting inputs...
2018-08-28 12:02:08,442  Step previous_application_cleaning, loading transformer from the csv/transformers/previous_application_cleaning
2018-08-28 12:02:08,442  Step previous_application_cleaning, transforming...
2018-08-28 12:02:08,479  Step previous_applications_groupby_agg, adapting inputs...
2018-08-28 12:02:08,479  Step previous_applications_groupby_agg, loading transformer from the csv/transformers/previous_applications_groupby_agg
2018-08-28 12:02:08,684  Step previous_applications_groupby_agg, transforming...
2018-08-28 12:02:08,684  Step previous_applications_agg_merge, adapting inputs...
2018-08-28 12:02:08,684  Step previous_applications_agg_merge, loading transformer from the csv/transformers/previous_applications_agg_merge
2018-08-28 12:02:08,685  Step previous_applications_agg_merge, transforming...
2018-08-28 12:02:09,447  Step categorical_encoder, adapting inputs...
2018-08-28 12:02:09,447  Step categorical_encoder, loading transformer from the csv/transformers/categorical_encoder
2018-08-28 12:02:09,451  Step categorical_encoder, transforming...
2018-08-28 12:02:15,545  Step feature_joiner, adapting inputs...
2018-08-28 12:02:15,550  Step feature_joiner, loading transformer from the csv/transformers/feature_joiner
2018-08-28 12:02:15,551  Step feature_joiner, transforming...
2018-08-28 12:02:18,299  Step feature_joiner, caching outputs to the csv/cache/feature_joiner
2018-08-28 12:02:18,300  Step feature_joiner, persisting output to the csv/cache/feature_joiner
2018-08-28 12:02:18,932  Step feature_joiner, persisting outputs to the csv/outputs/feature_joiner
2018-08-28 12:02:18,932  Step feature_joiner, persisting output to the csv/outputs/feature_joiner
2018-08-28 12:02:21,586  Step light_gbm, adapting inputs...
